TN:
SF:controllers\assetsController.js
FN:9,(anonymous_0)
FN:69,(anonymous_1)
FN:88,(anonymous_2)
FN:166,(anonymous_3)
FNF:4
FNH:0
FNDA:0,(anonymous_0)
FNDA:0,(anonymous_1)
FNDA:0,(anonymous_2)
FNDA:0,(anonymous_3)
DA:2,0
DA:3,0
DA:9,0
DA:10,0
DA:11,0
DA:12,0
DA:14,0
DA:16,0
DA:17,0
DA:18,0
DA:20,0
DA:21,0
DA:22,0
DA:25,0
DA:26,0
DA:28,0
DA:29,0
DA:36,0
DA:54,0
DA:56,0
DA:57,0
DA:58,0
DA:61,0
DA:62,0
DA:64,0
DA:66,0
DA:69,0
DA:79,0
DA:80,0
DA:88,0
DA:89,0
DA:91,0
DA:92,0
DA:95,0
DA:97,0
DA:98,0
DA:100,0
DA:101,0
DA:107,0
DA:112,0
DA:113,0
DA:116,0
DA:119,0
DA:122,0
DA:149,0
DA:151,0
DA:157,0
DA:158,0
DA:166,0
DA:167,0
DA:168,0
DA:170,0
DA:172,0
DA:177,0
DA:178,0
DA:181,0
DA:184,0
DA:196,0
DA:203,0
DA:204,0
LF:60
LH:0
BRDA:10,0,0,0
BRDA:10,0,1,0
BRDA:11,1,0,0
BRDA:11,1,1,0
BRDA:16,2,0,0
BRDA:16,2,1,0
BRDA:20,3,0,0
BRDA:20,3,1,0
BRDA:56,4,0,0
BRDA:56,4,1,0
BRDA:89,5,0,0
BRDA:89,5,1,0
BRDA:91,6,0,0
BRDA:91,6,1,0
BRDA:100,7,0,0
BRDA:100,7,1,0
BRDA:112,8,0,0
BRDA:112,8,1,0
BRDA:119,9,0,0
BRDA:119,9,1,0
BRDA:126,10,0,0
BRDA:126,10,1,0
BRDA:134,11,0,0
BRDA:134,11,1,0
BRDA:135,12,0,0
BRDA:135,12,1,0
BRDA:136,13,0,0
BRDA:136,13,1,0
BRDA:137,14,0,0
BRDA:137,14,1,0
BRDA:140,15,0,0
BRDA:140,15,1,0
BRDA:141,16,0,0
BRDA:141,16,1,0
BRDA:142,17,0,0
BRDA:142,17,1,0
BRDA:142,18,0,0
BRDA:142,18,1,0
BRDA:167,19,0,0
BRDA:167,19,1,0
BRDA:168,20,0,0
BRDA:168,20,1,0
BRDA:177,21,0,0
BRDA:177,21,1,0
BRF:44
BRH:0
end_of_record
TN:
SF:controllers\authController.js
FN:7,(anonymous_0)
FN:14,(anonymous_1)
FN:51,(anonymous_2)
FN:75,(anonymous_3)
FN:90,(anonymous_4)
FN:148,(anonymous_5)
FN:193,(anonymous_6)
FNF:7
FNH:7
FNDA:22,(anonymous_0)
FNDA:21,(anonymous_1)
FNDA:8,(anonymous_2)
FNDA:1,(anonymous_3)
FNDA:6,(anonymous_4)
FNDA:6,(anonymous_5)
FNDA:2,(anonymous_6)
DA:1,1
DA:2,1
DA:3,1
DA:4,1
DA:7,1
DA:8,22
DA:14,1
DA:15,21
DA:18,21
DA:19,3
DA:22,18
DA:24,18
DA:25,18
DA:26,1
DA:30,17
DA:37,17
DA:44,0
DA:51,1
DA:52,8
DA:54,8
DA:55,1
DA:57,7
DA:58,7
DA:59,7
DA:60,2
DA:63,5
DA:69,0
DA:75,1
DA:76,1
DA:77,1
DA:78,1
DA:79,0
DA:81,1
DA:83,0
DA:90,1
DA:91,6
DA:92,6
DA:93,6
DA:94,6
DA:95,0
DA:99,6
DA:102,6
DA:103,6
DA:105,6
DA:108,6
DA:109,6
DA:111,6
DA:117,6
DA:118,0
DA:119,0
DA:123,6
DA:131,6
DA:137,6
DA:139,0
DA:140,0
DA:141,0
DA:142,0
DA:143,0
DA:148,1
DA:149,6
DA:150,6
DA:153,6
DA:154,1
DA:156,5
DA:157,0
DA:159,5
DA:160,1
DA:162,4
DA:163,1
DA:166,3
DA:168,3
DA:170,3
DA:175,3
DA:176,1
DA:180,2
DA:181,2
DA:182,2
DA:184,2
DA:186,2
DA:188,0
DA:193,1
DA:194,2
DA:196,2
DA:197,2
DA:199,2
DA:204,2
DA:205,1
DA:208,1
DA:210,0
LF:89
LH:74
BRDA:15,0,0,21
BRDA:15,0,1,0
BRDA:18,1,0,3
BRDA:18,1,1,18
BRDA:18,2,0,21
BRDA:18,2,1,20
BRDA:18,2,2,19
BRDA:25,3,0,1
BRDA:25,3,1,17
BRDA:52,4,0,8
BRDA:52,4,1,0
BRDA:54,5,0,1
BRDA:54,5,1,7
BRDA:54,6,0,8
BRDA:54,6,1,7
BRDA:59,7,0,2
BRDA:59,7,1,5
BRDA:59,8,0,7
BRDA:59,8,1,6
BRDA:78,9,0,0
BRDA:78,9,1,1
BRDA:94,10,0,0
BRDA:94,10,1,6
BRDA:108,11,0,6
BRDA:108,11,1,0
BRDA:117,12,0,0
BRDA:117,12,1,6
BRDA:117,13,0,6
BRDA:117,13,1,6
BRDA:153,14,0,1
BRDA:153,14,1,5
BRDA:156,15,0,0
BRDA:156,15,1,5
BRDA:159,16,0,1
BRDA:159,16,1,4
BRDA:162,17,0,1
BRDA:162,17,1,3
BRDA:175,18,0,1
BRDA:175,18,1,2
BRDA:204,19,0,1
BRDA:204,19,1,1
BRF:41
BRH:34
end_of_record
TN:
SF:controllers\conversationController.js
FN:10,(anonymous_0)
FN:63,(anonymous_1)
FN:109,(anonymous_2)
FN:167,(anonymous_3)
FN:205,(anonymous_4)
FN:252,(anonymous_5)
FNF:6
FNH:0
FNDA:0,(anonymous_0)
FNDA:0,(anonymous_1)
FNDA:0,(anonymous_2)
FNDA:0,(anonymous_3)
FNDA:0,(anonymous_4)
FNDA:0,(anonymous_5)
DA:1,0
DA:2,0
DA:3,0
DA:10,0
DA:11,0
DA:12,0
DA:13,0
DA:16,0
DA:19,0
DA:26,0
DA:33,0
DA:34,0
DA:35,0
DA:37,0
DA:49,0
DA:50,0
DA:63,0
DA:64,0
DA:65,0
DA:66,0
DA:68,0
DA:70,0
DA:79,0
DA:84,0
DA:95,0
DA:96,0
DA:109,0
DA:110,0
DA:111,0
DA:112,0
DA:113,0
DA:116,0
DA:121,0
DA:122,0
DA:129,0
DA:137,0
DA:139,0
DA:153,0
DA:154,0
DA:167,0
DA:168,0
DA:169,0
DA:170,0
DA:171,0
DA:173,0
DA:179,0
DA:180,0
DA:186,0
DA:191,0
DA:192,0
DA:205,0
DA:206,0
DA:207,0
DA:208,0
DA:210,0
DA:215,0
DA:216,0
DA:223,0
DA:224,0
DA:228,0
DA:231,0
DA:233,0
DA:238,0
DA:239,0
DA:252,0
DA:253,0
DA:254,0
DA:255,0
DA:256,0
DA:258,0
DA:264,0
DA:265,0
DA:271,0
DA:276,0
DA:277,0
LF:75
LH:0
BRDA:21,0,0,0
BRDA:21,0,1,0
BRDA:66,1,0,0
BRDA:66,2,0,0
BRDA:66,3,0,0
BRDA:113,4,0,0
BRDA:121,5,0,0
BRDA:121,5,1,0
BRDA:179,6,0,0
BRDA:179,6,1,0
BRDA:215,7,0,0
BRDA:215,7,1,0
BRDA:223,8,0,0
BRDA:223,8,1,0
BRDA:264,9,0,0
BRDA:264,9,1,0
BRF:16
BRH:0
end_of_record
TN:
SF:controllers\dashboardController.js
FN:5,(anonymous_0)
FN:31,(anonymous_1)
FN:43,(anonymous_2)
FN:50,(anonymous_3)
FN:56,(anonymous_4)
FN:61,(anonymous_5)
FNF:6
FNH:6
FNDA:4,(anonymous_0)
FNDA:17,(anonymous_1)
FNDA:16,(anonymous_2)
FNDA:13,(anonymous_3)
FNDA:11,(anonymous_4)
FNDA:50,(anonymous_5)
DA:1,1
DA:2,1
DA:3,1
DA:5,1
DA:6,4
DA:7,4
DA:8,4
DA:11,4
DA:16,4
DA:18,4
DA:24,4
DA:30,4
DA:31,17
DA:36,4
DA:42,4
DA:43,16
DA:48,4
DA:50,13
DA:56,11
DA:61,50
DA:64,4
DA:80,0
LF:22
LH:21
BRDA:66,0,0,4
BRDA:66,0,1,1
BRDA:66,1,0,4
BRDA:66,1,1,2
BRDA:67,2,0,4
BRDA:67,2,1,1
BRDA:68,3,0,4
BRDA:68,3,1,2
BRF:8
BRH:8
end_of_record
TN:
SF:controllers\dashboardSearch.js
FN:5,(anonymous_0)
FN:54,(anonymous_1)
FN:66,(anonymous_2)
FN:78,(anonymous_3)
FN:88,(anonymous_4)
FN:92,(anonymous_5)
FNF:6
FNH:0
FNDA:0,(anonymous_0)
FNDA:0,(anonymous_1)
FNDA:0,(anonymous_2)
FNDA:0,(anonymous_3)
FNDA:0,(anonymous_4)
FNDA:0,(anonymous_5)
DA:1,1
DA:2,1
DA:3,1
DA:5,1
DA:6,0
DA:7,0
DA:8,0
DA:11,0
DA:14,0
DA:15,0
DA:20,0
DA:21,0
DA:23,0
DA:24,0
DA:29,0
DA:30,0
DA:36,0
DA:41,0
DA:47,0
DA:53,0
DA:54,0
DA:59,0
DA:65,0
DA:66,0
DA:71,0
DA:78,0
DA:88,0
DA:92,0
DA:95,0
DA:115,0
DA:116,0
LF:31
LH:4
BRDA:14,0,0,0
BRDA:14,0,1,0
BRDA:14,1,0,0
BRDA:14,1,1,0
BRDA:23,2,0,0
BRDA:23,2,1,0
BRDA:23,3,0,0
BRDA:23,3,1,0
BRDA:29,4,0,0
BRDA:29,4,1,0
BRDA:97,5,0,0
BRDA:97,5,1,0
BRDA:97,6,0,0
BRDA:97,6,1,0
BRDA:98,7,0,0
BRDA:98,7,1,0
BRDA:99,8,0,0
BRDA:99,8,1,0
BRF:18
BRH:0
end_of_record
TN:
SF:controllers\expenseController.js
FN:6,(anonymous_0)
FN:31,(anonymous_1)
FN:41,(anonymous_2)
FN:51,(anonymous_3)
FN:87,(anonymous_4)
FN:92,(anonymous_5)
FN:109,(anonymous_6)
FN:119,(anonymous_7)
FNF:8
FNH:6
FNDA:4,(anonymous_0)
FNDA:1,(anonymous_1)
FNDA:1,(anonymous_2)
FNDA:3,(anonymous_3)
FNDA:0,(anonymous_4)
FNDA:0,(anonymous_5)
FNDA:1,(anonymous_6)
FNDA:2,(anonymous_7)
DA:1,1
DA:3,1
DA:6,1
DA:7,4
DA:9,4
DA:10,4
DA:12,4
DA:13,2
DA:16,4
DA:24,4
DA:25,2
DA:27,2
DA:31,1
DA:32,1
DA:33,1
DA:34,1
DA:35,1
DA:37,0
DA:41,1
DA:42,1
DA:43,1
DA:44,1
DA:45,1
DA:47,0
DA:51,1
DA:52,3
DA:53,3
DA:55,3
DA:56,3
DA:59,3
DA:60,0
DA:64,3
DA:65,3
DA:66,1
DA:69,2
DA:70,1
DA:74,1
DA:75,1
DA:76,1
DA:77,1
DA:79,1
DA:80,1
DA:82,0
DA:83,0
DA:87,1
DA:88,0
DA:90,0
DA:91,0
DA:92,0
DA:98,0
DA:99,0
DA:100,0
DA:101,0
DA:102,0
DA:104,0
DA:109,1
DA:110,1
DA:112,1
DA:113,1
DA:119,2
DA:120,1
DA:122,0
DA:123,0
LF:63
LH:46
BRDA:12,0,0,2
BRDA:12,0,1,2
BRDA:12,1,0,4
BRDA:12,1,1,3
BRDA:12,1,2,2
BRDA:59,2,0,0
BRDA:59,2,1,3
BRDA:59,3,0,3
BRDA:59,3,1,3
BRDA:59,3,2,3
BRDA:65,4,0,1
BRDA:65,4,1,2
BRDA:69,5,0,1
BRDA:69,5,1,1
BRF:14
BRH:13
end_of_record
TN:
SF:controllers\expenseSearch.js
FN:4,(anonymous_0)
FNF:1
FNH:0
FNDA:0,(anonymous_0)
DA:1,1
DA:2,1
DA:4,1
DA:5,0
DA:6,0
DA:7,0
DA:10,0
DA:13,0
DA:14,0
DA:19,0
DA:20,0
DA:22,0
DA:23,0
DA:28,0
DA:29,0
DA:35,0
DA:41,0
DA:46,0
DA:49,0
DA:59,0
DA:60,0
LF:21
LH:3
BRDA:13,0,0,0
BRDA:13,0,1,0
BRDA:13,1,0,0
BRDA:13,1,1,0
BRDA:22,2,0,0
BRDA:22,2,1,0
BRDA:22,3,0,0
BRDA:22,3,1,0
BRDA:28,4,0,0
BRDA:28,4,1,0
BRDA:46,5,0,0
BRDA:46,5,1,0
BRF:12
BRH:0
end_of_record
TN:
SF:controllers\incomeController.js
FN:6,(anonymous_0)
FN:33,(anonymous_1)
FN:45,(anonymous_2)
FN:55,(anonymous_3)
FN:92,(anonymous_4)
FN:98,(anonymous_5)
FN:115,(anonymous_6)
FN:125,(anonymous_7)
FNF:8
FNH:6
FNDA:4,(anonymous_0)
FNDA:2,(anonymous_1)
FNDA:2,(anonymous_2)
FNDA:3,(anonymous_3)
FNDA:0,(anonymous_4)
FNDA:0,(anonymous_5)
FNDA:1,(anonymous_6)
FNDA:2,(anonymous_7)
DA:1,1
DA:3,1
DA:6,1
DA:7,4
DA:9,4
DA:10,4
DA:13,4
DA:14,2
DA:17,2
DA:25,2
DA:26,2
DA:28,0
DA:33,1
DA:34,2
DA:36,2
DA:37,2
DA:38,2
DA:40,0
DA:45,1
DA:46,2
DA:47,2
DA:48,1
DA:50,1
DA:55,1
DA:56,3
DA:57,3
DA:59,3
DA:60,3
DA:63,3
DA:64,0
DA:68,3
DA:69,3
DA:70,1
DA:73,2
DA:74,1
DA:78,1
DA:79,1
DA:80,1
DA:81,1
DA:83,1
DA:84,1
DA:86,0
DA:87,0
DA:92,1
DA:93,0
DA:95,0
DA:96,0
DA:98,0
DA:104,0
DA:105,0
DA:106,0
DA:107,0
DA:108,0
DA:110,0
DA:115,1
DA:116,1
DA:118,1
DA:119,1
DA:125,2
DA:126,1
DA:128,0
DA:129,0
LF:62
LH:45
BRDA:13,0,0,2
BRDA:13,0,1,2
BRDA:13,1,0,4
BRDA:13,1,1,3
BRDA:13,1,2,2
BRDA:63,2,0,0
BRDA:63,2,1,3
BRDA:63,3,0,3
BRDA:63,3,1,3
BRDA:63,3,2,3
BRDA:69,4,0,1
BRDA:69,4,1,2
BRDA:73,5,0,1
BRDA:73,5,1,1
BRF:14
BRH:13
end_of_record
TN:
SF:controllers\incomeSearch.js
FN:4,(anonymous_0)
FNF:1
FNH:0
FNDA:0,(anonymous_0)
DA:1,1
DA:2,1
DA:4,1
DA:5,0
DA:6,0
DA:7,0
DA:10,0
DA:13,0
DA:14,0
DA:19,0
DA:20,0
DA:22,0
DA:23,0
DA:28,0
DA:29,0
DA:35,0
DA:41,0
DA:46,0
DA:49,0
DA:59,0
DA:60,0
LF:21
LH:3
BRDA:13,0,0,0
BRDA:13,0,1,0
BRDA:13,1,0,0
BRDA:13,1,1,0
BRDA:22,2,0,0
BRDA:22,2,1,0
BRDA:22,3,0,0
BRDA:22,3,1,0
BRDA:28,4,0,0
BRDA:28,4,1,0
BRDA:46,5,0,0
BRDA:46,5,1,0
BRF:12
BRH:0
end_of_record
TN:
SF:controllers\marketController.js
FN:15,calculate24hStats
FN:181,(anonymous_1)
FN:262,(anonymous_2)
FN:264,(anonymous_3)
FN:264,(anonymous_4)
FN:351,(anonymous_5)
FN:432,(anonymous_6)
FN:434,(anonymous_7)
FN:436,(anonymous_8)
FN:467,(anonymous_9)
FN:505,(anonymous_10)
FN:528,(anonymous_11)
FN:591,(anonymous_12)
FN:620,(anonymous_13)
FN:683,(anonymous_14)
FN:712,(anonymous_15)
FN:870,isMarketOpen
FN:884,(anonymous_17)
FN:906,(anonymous_18)
FN:921,formatLastUpdate
FN:939,(anonymous_20)
FNF:21
FNH:0
FNDA:0,calculate24hStats
FNDA:0,(anonymous_1)
FNDA:0,(anonymous_2)
FNDA:0,(anonymous_3)
FNDA:0,(anonymous_4)
FNDA:0,(anonymous_5)
FNDA:0,(anonymous_6)
FNDA:0,(anonymous_7)
FNDA:0,(anonymous_8)
FNDA:0,(anonymous_9)
FNDA:0,(anonymous_10)
FNDA:0,(anonymous_11)
FNDA:0,(anonymous_12)
FNDA:0,(anonymous_13)
FNDA:0,(anonymous_14)
FNDA:0,(anonymous_15)
FNDA:0,isMarketOpen
FNDA:0,(anonymous_17)
FNDA:0,(anonymous_18)
FNDA:0,formatLastUpdate
FNDA:0,(anonymous_20)
DA:6,0
DA:7,0
DA:8,0
DA:16,0
DA:18,0
DA:23,0
DA:25,0
DA:26,0
DA:31,0
DA:41,0
DA:45,0
DA:65,0
DA:70,0
DA:71,0
DA:74,0
DA:76,0
DA:77,0
DA:79,0
DA:94,0
DA:105,0
DA:110,0
DA:111,0
DA:115,0
DA:117,0
DA:118,0
DA:119,0
DA:121,0
DA:122,0
DA:123,0
DA:125,0
DA:127,0
DA:128,0
DA:129,0
DA:130,0
DA:133,0
DA:134,0
DA:135,0
DA:136,0
DA:139,0
DA:140,0
DA:144,0
DA:146,0
DA:147,0
DA:149,0
DA:150,0
DA:151,0
DA:152,0
DA:153,0
DA:154,0
DA:155,0
DA:158,0
DA:172,0
DA:173,0
DA:181,0
DA:182,0
DA:184,0
DA:185,0
DA:188,0
DA:190,0
DA:191,0
DA:193,0
DA:194,0
DA:201,0
DA:206,0
DA:207,0
DA:210,0
DA:213,0
DA:215,0
DA:216,0
DA:220,0
DA:221,0
DA:222,0
DA:223,0
DA:224,0
DA:225,0
DA:227,0
DA:245,0
DA:247,0
DA:253,0
DA:254,0
DA:262,0
DA:263,0
DA:264,0
DA:266,0
DA:267,0
DA:270,0
DA:271,0
DA:274,0
DA:275,0
DA:278,0
DA:280,0
DA:281,0
DA:283,0
DA:284,0
DA:286,0
DA:287,0
DA:288,0
DA:292,0
DA:297,0
DA:299,0
DA:300,0
DA:302,0
DA:305,0
DA:306,0
DA:307,0
DA:308,0
DA:310,0
DA:326,0
DA:328,0
DA:331,0
DA:336,0
DA:342,0
DA:343,0
DA:351,0
DA:352,0
DA:353,0
DA:354,0
DA:356,0
DA:357,0
DA:363,0
DA:364,0
DA:367,0
DA:369,0
DA:370,0
DA:372,0
DA:373,0
DA:380,0
DA:381,0
DA:383,0
DA:384,0
DA:385,0
DA:388,0
DA:396,0
DA:398,0
DA:399,0
DA:403,0
DA:405,0
DA:406,0
DA:407,0
DA:409,0
DA:411,0
DA:426,0
DA:431,0
DA:432,0
DA:433,0
DA:434,0
DA:435,0
DA:436,0
DA:440,0
DA:442,0
DA:450,0
DA:452,0
DA:458,0
DA:459,0
DA:467,0
DA:468,0
DA:469,0
DA:470,0
DA:472,0
DA:473,0
DA:480,0
DA:489,0
DA:492,0
DA:501,0
DA:503,0
DA:505,0
DA:511,0
DA:513,0
DA:519,0
DA:520,0
DA:528,0
DA:529,0
DA:531,0
DA:532,0
DA:535,0
DA:537,0
DA:538,0
DA:540,0
DA:541,0
DA:548,0
DA:557,0
DA:559,0
DA:560,0
DA:564,0
DA:566,0
DA:567,0
DA:568,0
DA:570,0
DA:572,0
DA:586,0
DA:591,0
DA:594,0
DA:596,0
DA:603,0
DA:605,0
DA:611,0
DA:612,0
DA:620,0
DA:621,0
DA:623,0
DA:624,0
DA:627,0
DA:629,0
DA:630,0
DA:632,0
DA:633,0
DA:640,0
DA:649,0
DA:651,0
DA:652,0
DA:656,0
DA:658,0
DA:659,0
DA:660,0
DA:662,0
DA:664,0
DA:678,0
DA:683,0
DA:686,0
DA:688,0
DA:695,0
DA:697,0
DA:703,0
DA:704,0
DA:712,0
DA:713,0
DA:715,0
DA:716,0
DA:719,0
DA:721,0
DA:722,0
DA:724,0
DA:725,0
DA:732,0
DA:737,0
DA:738,0
DA:741,0
DA:742,0
DA:745,0
DA:754,0
DA:756,0
DA:757,0
DA:760,0
DA:763,0
DA:772,0
DA:773,0
DA:776,0
DA:785,0
DA:786,0
DA:789,0
DA:805,0
DA:806,0
DA:808,0
DA:810,0
DA:826,0
DA:827,0
DA:828,0
DA:829,0
DA:830,0
DA:831,0
DA:832,0
DA:833,0
DA:835,0
DA:854,0
DA:856,0
DA:862,0
DA:863,0
DA:871,0
DA:872,0
DA:874,0
DA:876,0
DA:878,0
DA:880,0
DA:881,0
DA:882,0
DA:883,0
DA:884,0
DA:886,0
DA:888,0
DA:889,0
DA:890,0
DA:893,0
DA:895,0
DA:897,0
DA:902,0
DA:903,0
DA:904,0
DA:905,0
DA:906,0
DA:908,0
DA:910,0
DA:911,0
DA:912,0
DA:915,0
DA:922,0
DA:925,0
DA:927,0
DA:928,0
DA:929,0
DA:930,0
DA:932,0
DA:939,0
DA:940,0
DA:942,0
DA:943,0
DA:946,0
DA:948,0
DA:953,0
DA:954,0
DA:957,0
DA:958,0
DA:961,0
DA:963,0
DA:968,0
DA:969,0
DA:982,0
DA:983,0
DA:984,0
DA:986,0
DA:997,0
DA:1000,0
DA:1001,0
LF:322
LH:0
BRDA:23,0,0,0
BRDA:23,0,1,0
BRDA:26,1,0,0
BRDA:26,1,1,0
BRDA:26,1,2,0
BRDA:41,2,0,0
BRDA:41,2,1,0
BRDA:71,3,0,0
BRDA:71,3,1,0
BRDA:74,4,0,0
BRDA:74,4,1,0
BRDA:77,5,0,0
BRDA:77,5,1,0
BRDA:83,6,0,0
BRDA:83,6,1,0
BRDA:84,7,0,0
BRDA:84,7,1,0
BRDA:85,8,0,0
BRDA:85,8,1,0
BRDA:86,9,0,0
BRDA:86,9,1,0
BRDA:115,10,0,0
BRDA:115,10,1,0
BRDA:121,11,0,0
BRDA:121,11,1,0
BRDA:125,12,0,0
BRDA:125,12,1,0
BRDA:127,13,0,0
BRDA:127,13,1,0
BRDA:144,14,0,0
BRDA:144,14,1,0
BRDA:147,15,0,0
BRDA:147,15,1,0
BRDA:162,16,0,0
BRDA:162,16,1,0
BRDA:182,17,0,0
BRDA:182,17,1,0
BRDA:184,18,0,0
BRDA:184,18,1,0
BRDA:193,19,0,0
BRDA:193,19,1,0
BRDA:206,20,0,0
BRDA:206,20,1,0
BRDA:215,21,0,0
BRDA:215,21,1,0
BRDA:222,22,0,0
BRDA:222,22,1,0
BRDA:223,23,0,0
BRDA:223,23,1,0
BRDA:224,24,0,0
BRDA:224,24,1,0
BRDA:225,25,0,0
BRDA:225,25,1,0
BRDA:235,26,0,0
BRDA:235,26,1,0
BRDA:238,27,0,0
BRDA:238,27,1,0
BRDA:263,28,0,0
BRDA:263,28,1,0
BRDA:266,29,0,0
BRDA:266,29,1,0
BRDA:270,30,0,0
BRDA:270,30,1,0
BRDA:286,31,0,0
BRDA:286,31,1,0
BRDA:297,32,0,0
BRDA:297,32,1,0
BRDA:302,33,0,0
BRDA:302,33,1,0
BRDA:306,34,0,0
BRDA:306,34,1,0
BRDA:307,35,0,0
BRDA:307,35,1,0
BRDA:308,36,0,0
BRDA:308,36,1,0
BRDA:317,37,0,0
BRDA:317,37,1,0
BRDA:320,38,0,0
BRDA:320,38,1,0
BRDA:352,39,0,0
BRDA:352,39,1,0
BRDA:353,40,0,0
BRDA:353,40,1,0
BRDA:356,41,0,0
BRDA:356,41,1,0
BRDA:363,42,0,0
BRDA:363,42,1,0
BRDA:369,43,0,0
BRDA:369,43,1,0
BRDA:372,44,0,0
BRDA:372,44,1,0
BRDA:383,45,0,0
BRDA:383,45,1,0
BRDA:398,46,0,0
BRDA:398,46,1,0
BRDA:409,47,0,0
BRDA:409,47,1,0
BRDA:409,48,0,0
BRDA:409,48,1,0
BRDA:417,49,0,0
BRDA:417,49,1,0
BRDA:418,50,0,0
BRDA:418,50,1,0
BRDA:419,51,0,0
BRDA:419,51,1,0
BRDA:420,52,0,0
BRDA:420,52,1,0
BRDA:421,53,0,0
BRDA:421,53,1,0
BRDA:431,54,0,0
BRDA:431,54,1,0
BRDA:433,55,0,0
BRDA:433,55,1,0
BRDA:435,56,0,0
BRDA:435,56,1,0
BRDA:444,57,0,0
BRDA:444,57,1,0
BRDA:472,58,0,0
BRDA:472,58,1,0
BRDA:506,59,0,0
BRDA:506,59,1,0
BRDA:529,60,0,0
BRDA:529,60,1,0
BRDA:531,61,0,0
BRDA:531,61,1,0
BRDA:540,62,0,0
BRDA:540,62,1,0
BRDA:559,63,0,0
BRDA:559,63,1,0
BRDA:570,64,0,0
BRDA:570,64,1,0
BRDA:570,65,0,0
BRDA:570,65,1,0
BRDA:578,66,0,0
BRDA:578,66,1,0
BRDA:579,67,0,0
BRDA:579,67,1,0
BRDA:580,68,0,0
BRDA:580,68,1,0
BRDA:581,69,0,0
BRDA:581,69,1,0
BRDA:582,70,0,0
BRDA:582,70,1,0
BRDA:621,71,0,0
BRDA:621,71,1,0
BRDA:623,72,0,0
BRDA:623,72,1,0
BRDA:632,73,0,0
BRDA:632,73,1,0
BRDA:651,74,0,0
BRDA:651,74,1,0
BRDA:662,75,0,0
BRDA:662,75,1,0
BRDA:662,76,0,0
BRDA:662,76,1,0
BRDA:670,77,0,0
BRDA:670,77,1,0
BRDA:671,78,0,0
BRDA:671,78,1,0
BRDA:672,79,0,0
BRDA:672,79,1,0
BRDA:673,80,0,0
BRDA:673,80,1,0
BRDA:674,81,0,0
BRDA:674,81,1,0
BRDA:713,82,0,0
BRDA:713,82,1,0
BRDA:715,83,0,0
BRDA:715,83,1,0
BRDA:724,84,0,0
BRDA:724,84,1,0
BRDA:737,85,0,0
BRDA:737,85,1,0
BRDA:756,86,0,0
BRDA:756,86,1,0
BRDA:773,87,0,0
BRDA:773,87,1,0
BRDA:786,88,0,0
BRDA:786,88,1,0
BRDA:806,89,0,0
BRDA:806,89,1,0
BRDA:811,90,0,0
BRDA:811,90,1,0
BRDA:814,91,0,0
BRDA:814,91,1,0
BRDA:817,92,0,0
BRDA:817,92,1,0
BRDA:820,93,0,0
BRDA:820,93,1,0
BRDA:832,94,0,0
BRDA:832,94,1,0
BRDA:833,95,0,0
BRDA:833,95,1,0
BRDA:871,96,0,0
BRDA:871,96,1,0
BRDA:874,97,0,0
BRDA:874,97,1,0
BRDA:878,98,0,0
BRDA:878,98,1,0
BRDA:886,99,0,0
BRDA:886,99,1,0
BRDA:886,100,0,0
BRDA:886,100,1,0
BRDA:893,101,0,0
BRDA:893,101,1,0
BRDA:893,102,0,0
BRDA:893,102,1,0
BRDA:895,103,0,0
BRDA:895,103,1,0
BRDA:895,104,0,0
BRDA:895,104,1,0
BRDA:908,105,0,0
BRDA:908,105,1,0
BRDA:908,106,0,0
BRDA:908,106,1,0
BRDA:915,107,0,0
BRDA:915,107,1,0
BRDA:922,108,0,0
BRDA:922,108,1,0
BRDA:940,109,0,0
BRDA:940,109,1,0
BRDA:942,110,0,0
BRDA:942,110,1,0
BRDA:953,111,0,0
BRDA:953,111,1,0
BRDA:958,112,0,0
BRDA:958,112,1,0
BRDA:968,113,0,0
BRDA:968,113,1,0
BRF:229
BRH:0
end_of_record
TN:
SF:controllers\messageController.js
FN:10,(anonymous_0)
FN:141,(anonymous_1)
FN:211,(anonymous_2)
FN:240,(anonymous_3)
FN:249,(anonymous_4)
FN:283,(anonymous_5)
FN:336,(anonymous_6)
FN:394,(anonymous_7)
FNF:8
FNH:0
FNDA:0,(anonymous_0)
FNDA:0,(anonymous_1)
FNDA:0,(anonymous_2)
FNDA:0,(anonymous_3)
FNDA:0,(anonymous_4)
FNDA:0,(anonymous_5)
FNDA:0,(anonymous_6)
FNDA:0,(anonymous_7)
DA:1,0
DA:2,0
DA:3,0
DA:10,0
DA:11,0
DA:12,0
DA:13,0
DA:14,0
DA:17,0
DA:18,0
DA:25,0
DA:30,0
DA:31,0
DA:38,0
DA:39,0
DA:40,0
DA:44,0
DA:51,0
DA:54,0
DA:57,0
DA:60,0
DA:61,0
DA:69,0
DA:76,0
DA:77,0
DA:78,0
DA:80,0
DA:89,0
DA:92,0
DA:104,0
DA:105,0
DA:106,0
DA:107,0
DA:110,0
DA:111,0
DA:112,0
DA:113,0
DA:116,0
DA:127,0
DA:128,0
DA:141,0
DA:142,0
DA:143,0
DA:144,0
DA:145,0
DA:148,0
DA:149,0
DA:156,0
DA:161,0
DA:162,0
DA:169,0
DA:170,0
DA:171,0
DA:175,0
DA:182,0
DA:183,0
DA:184,0
DA:185,0
DA:188,0
DA:193,0
DA:194,0
DA:195,0
DA:196,0
DA:199,0
DA:201,0
DA:203,0
DA:211,0
DA:212,0
DA:215,0
DA:216,0
DA:217,0
DA:218,0
DA:219,0
DA:222,0
DA:223,0
DA:226,0
DA:227,0
DA:228,0
DA:232,0
DA:240,0
DA:241,0
DA:244,0
DA:249,0
DA:257,0
DA:258,0
DA:259,0
DA:260,0
DA:263,0
DA:264,0
DA:265,0
DA:266,0
DA:270,0
DA:280,0
DA:283,0
DA:284,0
DA:285,0
DA:289,0
DA:293,0
DA:296,0
DA:303,0
DA:304,0
DA:305,0
DA:307,0
DA:313,0
DA:316,0
DA:319,0
DA:320,0
DA:326,0
DA:336,0
DA:337,0
DA:338,0
DA:339,0
DA:340,0
DA:343,0
DA:348,0
DA:349,0
DA:356,0
DA:357,0
DA:359,0
DA:360,0
DA:361,0
DA:366,0
DA:372,0
DA:374,0
DA:380,0
DA:381,0
DA:394,0
DA:395,0
DA:396,0
DA:397,0
DA:400,0
DA:405,0
DA:406,0
DA:413,0
DA:418,0
DA:419,0
DA:426,0
DA:427,0
DA:429,0
DA:434,0
DA:435,0
LF:141
LH:0
BRDA:13,0,0,0
BRDA:17,1,0,0
BRDA:17,1,1,0
BRDA:17,2,0,0
BRDA:17,2,1,0
BRDA:30,3,0,0
BRDA:30,3,1,0
BRDA:38,4,0,0
BRDA:38,4,1,0
BRDA:95,5,0,0
BRDA:95,5,1,0
BRDA:97,6,0,0
BRDA:97,6,1,0
BRDA:110,7,0,0
BRDA:110,7,1,0
BRDA:110,8,0,0
BRDA:110,8,1,0
BRDA:111,9,0,0
BRDA:111,9,1,0
BRDA:144,10,0,0
BRDA:148,11,0,0
BRDA:148,11,1,0
BRDA:148,12,0,0
BRDA:148,12,1,0
BRDA:161,13,0,0
BRDA:161,13,1,0
BRDA:169,14,0,0
BRDA:169,14,1,0
BRDA:217,15,0,0
BRDA:217,15,1,0
BRDA:222,16,0,0
BRDA:222,16,1,0
BRDA:222,17,0,0
BRDA:222,17,1,0
BRDA:226,18,0,0
BRDA:226,18,1,0
BRDA:226,19,0,0
BRDA:226,19,1,0
BRDA:228,20,0,0
BRDA:228,20,1,0
BRDA:247,21,0,0
BRDA:247,21,1,0
BRDA:263,22,0,0
BRDA:263,22,1,0
BRDA:263,23,0,0
BRDA:263,23,1,0
BRDA:264,24,0,0
BRDA:264,24,1,0
BRDA:319,25,0,0
BRDA:319,25,1,0
BRDA:339,26,0,0
BRDA:348,27,0,0
BRDA:348,27,1,0
BRDA:357,28,0,0
BRDA:357,28,1,0
BRDA:360,29,0,0
BRDA:360,29,1,0
BRDA:405,30,0,0
BRDA:405,30,1,0
BRDA:418,31,0,0
BRDA:418,31,1,0
BRF:61
BRH:0
end_of_record
TN:
SF:controllers\newsController.js
FN:30,(anonymous_0)
FN:54,(anonymous_1)
FN:57,(anonymous_2)
FN:65,(anonymous_3)
FN:87,(anonymous_4)
FN:102,(anonymous_5)
FNF:6
FNH:0
FNDA:0,(anonymous_0)
FNDA:0,(anonymous_1)
FNDA:0,(anonymous_2)
FNDA:0,(anonymous_3)
FNDA:0,(anonymous_4)
FNDA:0,(anonymous_5)
DA:1,0
DA:2,0
DA:3,0
DA:5,0
DA:8,0
DA:26,0
DA:27,0
DA:30,0
DA:32,0
DA:33,0
DA:37,0
DA:40,0
DA:41,0
DA:44,0
DA:45,0
DA:46,0
DA:47,0
DA:49,0
DA:50,0
DA:54,0
DA:55,0
DA:56,0
DA:58,0
DA:59,0
DA:63,0
DA:65,0
DA:77,0
DA:78,0
DA:84,0
DA:87,0
DA:88,0
DA:89,0
DA:91,0
DA:96,0
DA:99,0
DA:102,0
DA:103,0
DA:104,0
DA:111,0
DA:112,0
LF:40
LH:0
BRDA:32,0,0,0
BRDA:32,0,1,0
BRDA:32,1,0,0
BRDA:32,1,1,0
BRDA:37,2,0,0
BRDA:37,2,1,0
BRDA:37,2,2,0
BRDA:40,3,0,0
BRDA:40,3,1,0
BRDA:40,4,0,0
BRDA:40,4,1,0
BRDA:47,5,0,0
BRDA:47,5,1,0
BRF:13
BRH:0
end_of_record
TN:
SF:controllers\newsDashboardController.js
FN:9,(anonymous_0)
FN:17,(anonymous_1)
FN:58,(anonymous_2)
FN:95,(anonymous_3)
FNF:4
FNH:0
FNDA:0,(anonymous_0)
FNDA:0,(anonymous_1)
FNDA:0,(anonymous_2)
FNDA:0,(anonymous_3)
DA:1,0
DA:2,0
DA:3,0
DA:4,0
DA:6,0
DA:7,0
DA:9,0
DA:10,0
DA:12,0
DA:13,0
DA:17,0
DA:18,0
DA:19,0
DA:20,0
DA:21,0
DA:25,0
DA:43,0
DA:50,0
DA:51,0
DA:52,0
DA:55,0
DA:58,0
DA:59,0
DA:60,0
DA:66,0
DA:67,0
DA:68,0
DA:71,0
DA:81,0
DA:82,0
DA:86,0
DA:87,0
DA:89,0
DA:92,0
DA:95,0
DA:96,0
DA:99,0
DA:102,0
DA:103,0
DA:104,0
LF:40
LH:0
BRDA:12,0,0,0
BRDA:12,0,1,0
BRDA:12,1,0,0
BRDA:12,1,1,0
BRDA:18,2,0,0
BRDA:18,2,1,0
BRDA:50,3,0,0
BRDA:50,3,1,0
BRDA:66,4,0,0
BRDA:66,4,1,0
BRF:10
BRH:0
end_of_record
TN:
SF:controllers\predictionController.js
FN:12,(anonymous_0)
FN:62,(anonymous_1)
FN:121,(anonymous_2)
FN:141,(anonymous_3)
FNF:4
FNH:0
FNDA:0,(anonymous_0)
FNDA:0,(anonymous_1)
FNDA:0,(anonymous_2)
FNDA:0,(anonymous_3)
DA:1,0
DA:2,0
DA:3,0
DA:5,0
DA:6,0
DA:12,0
DA:13,0
DA:14,0
DA:16,0
DA:17,0
DA:21,0
DA:22,0
DA:24,0
DA:25,0
DA:26,0
DA:32,0
DA:35,0
DA:52,0
DA:54,0
DA:55,0
DA:62,0
DA:72,0
DA:82,0
DA:85,0
DA:87,0
DA:89,0
DA:95,0
DA:97,0
DA:98,0
DA:104,0
DA:105,0
DA:111,0
DA:121,0
DA:122,0
DA:123,0
DA:124,0
DA:126,0
DA:128,0
DA:133,0
DA:134,0
DA:141,0
DA:142,0
DA:143,0
DA:144,0
DA:150,0
LF:45
LH:0
BRDA:5,0,0,0
BRDA:5,0,1,0
BRDA:16,1,0,0
BRDA:16,1,1,0
BRDA:24,2,0,0
BRDA:24,2,1,0
BRDA:54,3,0,0
BRDA:54,3,1,0
BRDA:97,4,0,0
BRDA:97,4,1,0
BRDA:104,5,0,0
BRDA:104,5,1,0
BRDA:107,6,0,0
BRDA:107,6,1,0
BRDA:147,7,0,0
BRDA:147,7,1,0
BRDA:153,8,0,0
BRDA:153,8,1,0
BRF:18
BRH:0
end_of_record
TN:
SF:controllers\priceController.js
FN:10,getTableForTimeframe
FN:26,getTimeframeDuration
FN:41,(anonymous_2)
FN:129,(anonymous_3)
FN:187,(anonymous_4)
FN:303,(anonymous_5)
FN:318,(anonymous_6)
FN:354,(anonymous_7)
FN:389,(anonymous_8)
FNF:9
FNH:0
FNDA:0,getTableForTimeframe
FNDA:0,getTimeframeDuration
FNDA:0,(anonymous_2)
FNDA:0,(anonymous_3)
FNDA:0,(anonymous_4)
FNDA:0,(anonymous_5)
FNDA:0,(anonymous_6)
FNDA:0,(anonymous_7)
FNDA:0,(anonymous_8)
DA:3,0
DA:4,0
DA:5,0
DA:11,0
DA:19,0
DA:27,0
DA:35,0
DA:41,0
DA:42,0
DA:43,0
DA:45,0
DA:47,0
DA:52,0
DA:53,0
DA:56,0
DA:57,0
DA:60,0
DA:61,0
DA:62,0
DA:63,0
DA:72,0
DA:78,0
DA:80,0
DA:81,0
DA:82,0
DA:92,0
DA:98,0
DA:100,0
DA:102,0
DA:103,0
DA:111,0
DA:112,0
DA:129,0
DA:130,0
DA:131,0
DA:132,0
DA:133,0
DA:134,0
DA:136,0
DA:137,0
DA:140,0
DA:141,0
DA:142,0
DA:149,0
DA:151,0
DA:156,0
DA:157,0
DA:160,0
DA:163,0
DA:164,0
DA:166,0
DA:168,0
DA:169,0
DA:172,0
DA:173,0
DA:174,0
DA:178,0
DA:179,0
DA:180,0
DA:182,0
DA:185,0
DA:186,0
DA:188,0
DA:189,0
DA:190,0
DA:191,0
DA:193,0
DA:205,0
DA:206,0
DA:207,0
DA:208,0
DA:209,0
DA:210,0
DA:214,0
DA:226,0
DA:227,0
DA:230,0
DA:231,0
DA:234,0
DA:235,0
DA:236,0
DA:240,0
DA:241,0
DA:250,0
DA:251,0
DA:252,0
DA:255,0
DA:256,0
DA:257,0
DA:261,0
DA:263,0
DA:266,0
DA:269,0
DA:270,0
DA:271,0
DA:273,0
DA:282,0
DA:284,0
DA:285,0
DA:303,0
DA:313,0
DA:316,0
DA:317,0
DA:319,0
DA:320,0
DA:321,0
DA:322,0
DA:324,0
DA:336,0
DA:337,0
DA:338,0
DA:339,0
DA:340,0
DA:341,0
DA:346,0
DA:347,0
DA:354,0
DA:355,0
DA:359,0
DA:372,0
DA:373,0
DA:389,0
DA:391,0
DA:392,0
DA:393,0
DA:394,0
DA:395,0
DA:398,0
DA:399,0
DA:400,0
DA:402,0
LF:131
LH:0
BRDA:19,0,0,0
BRDA:19,0,1,0
BRDA:35,1,0,0
BRDA:35,1,1,0
BRDA:42,2,0,0
BRDA:42,2,1,0
BRDA:43,3,0,0
BRDA:43,3,1,0
BRDA:52,4,0,0
BRDA:52,4,1,0
BRDA:61,5,0,0
BRDA:61,5,1,0
BRDA:80,6,0,0
BRDA:80,6,1,0
BRDA:100,7,0,0
BRDA:100,7,1,0
BRDA:130,8,0,0
BRDA:130,8,1,0
BRDA:131,9,0,0
BRDA:131,9,1,0
BRDA:132,10,0,0
BRDA:132,10,1,0
BRDA:136,11,0,0
BRDA:136,11,1,0
BRDA:141,12,0,0
BRDA:141,12,1,0
BRDA:156,13,0,0
BRDA:156,13,1,0
BRDA:166,14,0,0
BRDA:166,14,1,0
BRDA:166,15,0,0
BRDA:166,15,1,0
BRDA:169,16,0,0
BRDA:169,16,1,0
BRDA:172,17,0,0
BRDA:172,17,1,0
BRDA:172,18,0,0
BRDA:172,18,1,0
BRDA:174,19,0,0
BRDA:174,19,1,0
BRDA:178,20,0,0
BRDA:178,20,1,0
BRDA:178,21,0,0
BRDA:178,21,1,0
BRDA:180,22,0,0
BRDA:180,22,1,0
BRDA:180,23,0,0
BRDA:180,23,1,0
BRDA:180,23,2,0
BRDA:206,24,0,0
BRDA:206,24,1,0
BRDA:209,25,0,0
BRDA:209,25,1,0
BRDA:231,26,0,0
BRDA:231,26,1,0
BRDA:240,27,0,0
BRDA:240,27,1,0
BRDA:250,28,0,0
BRDA:250,28,1,0
BRDA:261,29,0,0
BRDA:261,29,1,0
BRDA:284,30,0,0
BRDA:284,30,1,0
BRDA:337,31,0,0
BRDA:337,31,1,0
BRDA:340,32,0,0
BRDA:340,32,1,0
BRDA:346,33,0,0
BRDA:346,33,1,0
BRDA:346,34,0,0
BRDA:346,34,1,0
BRDA:346,34,2,0
BRDA:347,35,0,0
BRDA:347,35,1,0
BRDA:348,36,0,0
BRDA:348,36,1,0
BRDA:349,37,0,0
BRDA:349,37,1,0
BRDA:350,38,0,0
BRDA:350,38,1,0
BRDA:351,39,0,0
BRDA:351,39,1,0
BRDA:391,40,0,0
BRDA:391,40,1,0
BRDA:392,41,0,0
BRDA:392,41,1,0
BRDA:393,42,0,0
BRDA:393,42,1,0
BRF:88
BRH:0
end_of_record
TN:
SF:controllers\watchlistController.js
FN:13,(anonymous_0)
FN:14,(anonymous_1)
FN:24,(anonymous_2)
FN:27,(anonymous_3)
FN:37,(anonymous_4)
FN:47,(anonymous_5)
FN:61,(anonymous_6)
FN:84,(anonymous_7)
FN:96,(anonymous_8)
FN:113,(anonymous_9)
FN:126,(anonymous_10)
FNF:11
FNH:11
FNDA:6,(anonymous_0)
FNDA:30,(anonymous_1)
FNDA:10,(anonymous_2)
FNDA:35,(anonymous_3)
FNDA:3,(anonymous_4)
FNDA:4,(anonymous_5)
FNDA:13,(anonymous_6)
FNDA:2,(anonymous_7)
FNDA:7,(anonymous_8)
FNDA:2,(anonymous_9)
FNDA:10,(anonymous_10)
DA:1,1
DA:4,1
DA:13,1
DA:14,6
DA:15,30
DA:16,24
DA:17,24
DA:18,24
DA:20,6
DA:24,1
DA:25,10
DA:26,10
DA:27,35
DA:31,7
DA:33,10
DA:37,1
DA:38,3
DA:39,3
DA:40,3
DA:42,0
DA:47,1
DA:48,4
DA:50,4
DA:51,4
DA:53,4
DA:54,1
DA:57,3
DA:58,3
DA:60,3
DA:61,13
DA:64,3
DA:65,2
DA:68,1
DA:75,1
DA:77,1
DA:79,0
DA:84,1
DA:85,2
DA:87,2
DA:89,2
DA:90,0
DA:93,2
DA:94,2
DA:95,2
DA:96,7
DA:99,2
DA:100,1
DA:103,1
DA:104,1
DA:106,1
DA:108,0
DA:113,1
DA:114,2
DA:115,2
DA:117,2
DA:118,0
DA:121,2
DA:122,2
DA:123,2
DA:125,2
DA:126,10
DA:129,2
DA:130,1
DA:133,1
DA:134,1
DA:136,1
DA:138,0
LF:67
LH:61
BRDA:15,0,0,24
BRDA:15,0,1,6
BRDA:16,1,0,24
BRDA:16,1,1,0
BRDA:17,2,0,24
BRDA:17,2,1,0
BRDA:20,3,0,5
BRDA:20,3,1,1
BRDA:26,4,0,7
BRDA:26,4,1,3
BRDA:50,5,0,3
BRDA:50,5,1,1
BRDA:51,6,0,4
BRDA:51,6,1,0
BRDA:53,7,0,1
BRDA:53,7,1,3
BRDA:53,8,0,4
BRDA:53,8,1,3
BRDA:64,9,0,2
BRDA:64,9,1,1
BRDA:87,10,0,2
BRDA:87,10,1,0
BRDA:89,11,0,0
BRDA:89,11,1,2
BRDA:89,12,0,2
BRDA:89,12,1,2
BRDA:99,13,0,1
BRDA:99,13,1,1
BRDA:115,14,0,2
BRDA:115,14,1,0
BRDA:117,15,0,0
BRDA:117,15,1,2
BRDA:129,16,0,1
BRDA:129,16,1,1
BRF:34
BRH:27
end_of_record
TN:
SF:middleware\authMiddleware.js
FN:4,(anonymous_0)
FNF:1
FNH:1
FNDA:3,(anonymous_0)
DA:1,1
DA:2,1
DA:4,1
DA:5,3
DA:6,3
DA:8,2
DA:9,2
DA:10,1
DA:11,1
DA:14,1
LF:10
LH:10
BRDA:6,0,0,1
BRDA:6,0,1,2
BRF:2
BRH:2
end_of_record
TN:
SF:services\calculatePriceChange.js
FN:13,getCurrentPrice
FN:56,calculateStockChange
FN:104,calculateForexChange
FN:151,calculateCryptoChange
FN:214,calculateCommodityChange
FN:226,calculatePriceChange
FNF:6
FNH:5
FNDA:2,getCurrentPrice
FNDA:4,calculateStockChange
FNDA:2,calculateForexChange
FNDA:4,calculateCryptoChange
FNDA:0,calculateCommodityChange
FNDA:3,calculatePriceChange
DA:4,1
DA:5,1
DA:14,2
DA:16,2
DA:17,2
DA:18,2
DA:22,0
DA:29,0
DA:30,0
DA:34,0
DA:41,0
DA:43,0
DA:44,0
DA:57,4
DA:59,4
DA:66,4
DA:67,1
DA:71,3
DA:72,1
DA:73,1
DA:81,2
DA:82,2
DA:83,2
DA:85,2
DA:91,0
DA:92,0
DA:105,2
DA:107,2
DA:116,2
DA:117,1
DA:124,1
DA:125,0
DA:128,1
DA:129,1
DA:130,1
DA:133,1
DA:134,1
DA:136,1
DA:138,0
DA:139,0
DA:152,4
DA:154,4
DA:162,4
DA:164,2
DA:172,2
DA:174,1
DA:181,1
DA:182,0
DA:185,1
DA:186,1
DA:187,1
DA:190,1
DA:191,1
DA:192,1
DA:195,2
DA:196,2
DA:198,2
DA:200,0
DA:201,0
DA:216,0
DA:227,3
DA:232,3
DA:233,1
DA:234,1
DA:235,0
DA:237,1
DA:240,2
DA:242,2
DA:243,0
DA:246,2
DA:248,0
DA:249,0
DA:252,1
DA:253,1
DA:256,1
DA:257,1
DA:261,3
DA:268,0
DA:269,0
DA:273,1
LF:80
LH:58
BRDA:17,0,0,2
BRDA:17,0,1,0
BRDA:29,1,0,0
BRDA:29,1,1,0
BRDA:41,2,0,0
BRDA:41,2,1,0
BRDA:66,3,0,1
BRDA:66,3,1,3
BRDA:67,4,0,1
BRDA:67,4,1,1
BRDA:67,5,0,1
BRDA:67,5,1,1
BRDA:71,6,0,1
BRDA:71,6,1,2
BRDA:92,7,0,0
BRDA:92,7,1,0
BRDA:92,8,0,0
BRDA:92,8,1,0
BRDA:116,9,0,1
BRDA:116,9,1,1
BRDA:124,10,0,0
BRDA:124,10,1,1
BRDA:162,11,0,2
BRDA:162,11,1,2
BRDA:172,12,0,1
BRDA:172,12,1,1
BRDA:181,13,0,0
BRDA:181,13,1,1
BRDA:232,14,0,1
BRDA:232,14,1,2
BRDA:232,15,0,3
BRDA:232,15,1,2
BRDA:232,15,2,2
BRDA:234,16,0,0
BRDA:234,16,1,1
BRDA:234,17,0,1
BRDA:234,17,1,1
BRDA:234,17,2,0
BRDA:237,18,0,1
BRDA:237,18,1,0
BRDA:242,19,0,0
BRDA:242,19,1,2
BRDA:246,20,0,0
BRDA:246,20,1,1
BRDA:246,20,2,1
BRF:45
BRH:29
end_of_record
TN:
SF:services\currencyConverter.js
FN:18,fetchExchangeRate
FN:42,getExchangeRate
FN:80,convertPrice
FN:114,convertPricesBulk
FN:121,(anonymous_4)
FN:138,refreshExchangeRate
FNF:6
FNH:5
FNDA:2,fetchExchangeRate
FNDA:4,getExchangeRate
FNDA:7,convertPrice
FNDA:2,convertPricesBulk
FNDA:2,(anonymous_4)
FNDA:0,refreshExchangeRate
DA:7,1
DA:8,1
DA:10,1
DA:11,1
DA:12,1
DA:19,2
DA:20,2
DA:25,1
DA:26,1
DA:27,1
DA:28,1
DA:31,0
DA:33,1
DA:34,1
DA:43,4
DA:45,4
DA:47,4
DA:48,2
DA:49,2
DA:50,2
DA:54,2
DA:55,2
DA:57,2
DA:59,1
DA:60,1
DA:64,1
DA:65,1
DA:68,0
DA:69,0
DA:81,7
DA:82,3
DA:85,4
DA:88,4
DA:89,2
DA:97,2
DA:98,2
DA:100,2
DA:115,2
DA:118,1
DA:120,1
DA:122,2
DA:123,2
DA:139,0
DA:140,0
DA:142,0
DA:143,0
DA:144,0
DA:145,0
DA:148,0
DA:149,0
DA:152,1
LF:51
LH:40
BRDA:25,0,0,1
BRDA:25,0,1,0
BRDA:25,1,0,1
BRDA:25,1,1,1
BRDA:25,1,2,1
BRDA:47,2,0,2
BRDA:47,2,1,2
BRDA:57,3,0,1
BRDA:57,3,1,1
BRDA:57,4,0,2
BRDA:57,4,1,1
BRDA:80,5,0,0
BRDA:81,6,0,3
BRDA:81,6,1,4
BRDA:81,7,0,7
BRDA:81,7,1,4
BRDA:85,8,0,4
BRDA:85,8,1,0
BRDA:88,9,0,2
BRDA:88,9,1,2
BRDA:97,10,0,2
BRDA:97,10,1,0
BRDA:115,11,0,1
BRDA:115,11,1,1
BRDA:115,12,0,2
BRDA:115,12,1,2
BRDA:142,13,0,0
BRDA:142,13,1,0
BRDA:142,14,0,0
BRDA:142,14,1,0
BRF:30
BRH:22
end_of_record
